<?xml version="1.0" encoding="UTF-8"?>
<testng-results skipped="0" failed="0" ignored="0" total="3" passed="3">
  <reporter-output>
  </reporter-output>
  <suite name="Default suite" duration-ms="6072" started-at="2021-12-01T12:29:01 IST" finished-at="2021-12-01T12:29:07 IST">
    <groups>
    </groups>
    <test name="Default test" duration-ms="6072" started-at="2021-12-01T12:29:01 IST" finished-at="2021-12-01T12:29:07 IST">
      <class name="APITEST.Demo_TestNG">
        <test-method status="PASS" signature="createboard()[pri:0, instance:APITEST.Demo_TestNG@34c4973]" name="createboard" duration-ms="3815" started-at="2021-12-01T12:29:01 IST" finished-at="2021-12-01T12:29:05 IST">
          <reporter-output>
          </reporter-output>
        </test-method> <!-- createboard -->
        <test-method status="PASS" signature="getboard()[pri:1, instance:APITEST.Demo_TestNG@34c4973]" name="getboard" duration-ms="958" started-at="2021-12-01T12:29:05 IST" finished-at="2021-12-01T12:29:06 IST">
          <reporter-output>
          </reporter-output>
        </test-method> <!-- getboard -->
        <test-method status="PASS" signature="deleteboard()[pri:2, instance:APITEST.Demo_TestNG@34c4973]" name="deleteboard" duration-ms="1247" started-at="2021-12-01T12:29:06 IST" finished-at="2021-12-01T12:29:07 IST">
          <reporter-output>
          </reporter-output>
        </test-method> <!-- deleteboard -->
      </class> <!-- APITEST.Demo_TestNG -->
    </test> <!-- Default test -->
  </suite> <!-- Default suite -->
</testng-results>
