<?xml version="1.0" encoding="UTF-8"?>
<!-- Generated by org.testng.reporters.JUnitXMLReporter -->
<testsuite ignored="0" hostname="DESKTOP-SBF4KVK" failures="0" tests="1" name="Test" time="0.048" errors="0" timestamp="2021-11-25T13:07:31 IST">
  <testcase classname="APITEST.Demo_TestNG" name="@AfterTest AR" time="0.001">
    <failure type="java.lang.Error" message="Unresolved compilation problems: 
	The method assertEquals(byte[], byte[]) in the type Assert is not applicable for the arguments ()
	Syntax error, insert &amp;quot;)&amp;quot; to complete MethodInvocation
	Syntax error, insert &amp;quot;;&amp;quot; to complete Statement
	String literal is not properly closed by a double-quote
">
      <![CDATA[java.lang.Error: Unresolved compilation problems: 
The method assertEquals(byte[], byte[]) in the type Assert is not applicable for the arguments ()
Syntax error, insert ")" to complete MethodInvocation
Syntax error, insert ";" to complete Statement
String literal is not properly closed by a double-quote

at APITEST.Demo_TestNG.AR(Demo_TestNG.java:38)
... Removed 24 stack frames]]>
    </failure>
  </testcase> <!-- @AfterTest AR -->
  <testcase classname="APITEST.Demo_TestNG" name="testcase1" time="0.007"/>
</testsuite> <!-- Test -->
