<?xml version="1.0" encoding="UTF-8"?>
<!-- Generated by org.testng.reporters.JUnitXMLReporter -->
<testsuite hostname="DESKTOP-SBF4KVK" ignored="0" name="Default test" tests="3" failures="0" timestamp="2021-12-01T12:29:07 IST" time="6.072" errors="0">
  <testcase name="createboard" time="3.815" classname="APITEST.Demo_TestNG"/>
  <testcase name="getboard" time="0.958" classname="APITEST.Demo_TestNG"/>
  <testcase name="deleteboard" time="1.247" classname="APITEST.Demo_TestNG"/>
</testsuite> <!-- Default test -->
